<?xml version="1.0" encoding="UTF-8"?>
<!-- Generated by org.testng.reporters.JUnitReportReporter -->
<testsuite skipped="0" hostname="shaiz-g5" name="CucumberOptions.TestNGTestRunner" tests="4" failures="0" timestamp="2023-07-25T11:28:54 PKT" time="107.268" errors="0">
  <testcase name="runScenario" time="34.223" classname="CucumberOptions.TestNGTestRunner"/>
  <system-out/>
  <testcase name="runScenario" time="23.572" classname="CucumberOptions.TestNGTestRunner"/>
  <system-out/>
  <testcase name="runScenario" time="24.374" classname="CucumberOptions.TestNGTestRunner"/>
  <system-out/>
  <testcase name="runScenario" time="25.099" classname="CucumberOptions.TestNGTestRunner"/>
  <system-out/>
</testsuite> <!-- CucumberOptions.TestNGTestRunner -->
